0 info it worked if it ends with ok
1 verbose cli [ 'C:\\Program Files (x86)\\nodejs\\node.exe',
1 verbose cli   'C:\\Users\\sarvesh\\AppData\\Roaming\\npm\\node_modules\\npm\\bin\\npm-cli.js',
1 verbose cli   'run',
1 verbose cli   'tsc:w' ]
2 info using npm@3.10.9
3 info using node@v6.9.5
4 verbose run-script [ 'pretsc:w', 'tsc:w', 'posttsc:w' ]
5 info lifecycle angularappstrat@1.0.0~pretsc:w: angularappstrat@1.0.0
6 silly lifecycle angularappstrat@1.0.0~pretsc:w: no script for pretsc:w, continuing
7 info lifecycle angularappstrat@1.0.0~tsc:w: angularappstrat@1.0.0
8 verbose lifecycle angularappstrat@1.0.0~tsc:w: unsafe-perm in lifecycle true
9 verbose lifecycle angularappstrat@1.0.0~tsc:w: PATH: C:\Users\sarvesh\AppData\Roaming\npm\node_modules\npm\bin\node-gyp-bin;F:\Practices\Angular2\Angular2Withscotch\02Angular2\node_modules\.bin;C:\Users\sarvesh\AppData\Roaming\npm\node_modules\npm\bin\node-gyp-bin;F:\Practices\Angular2\Angular2Withscotch\02Angular2\node_modules\.bin;C:\Program Files (x86)\AMD APP\bin\x86_64;C:\Program Files (x86)\AMD APP\bin\x86;C:\Program Files\Common Files\Microsoft Shared\Windows Live;C:\Program Files (x86)\Common Files\Microsoft Shared\Windows Live;C:\WINDOWS\system32;C:\WINDOWS;C:\WINDOWS\System32\Wbem;C:\WINDOWS\System32\WindowsPowerShell\v1.0\;c:\Program Files (x86)\ATI Technologies\ATI.ACE\Core-Static\;C:\Program Files (x86)\Sony\VAIO Startup Setting Tool;C:\Program Files (x86)\Windows Live\Shared;C:\Program Files (x86)\ATI Technologies\ATI.ACE\Core-Static;C:\Program Files\Microsoft SQL Server\120\Tools\Binn\;C:\WINDOWS\system32\config\systemprofile\.dnx\bin;C:\Program Files\Microsoft DNX\Dnvm\;C:\Program Files (x86)\Windows Kits\10\Windows Performance Toolkit\;C:\Program Files\Microsoft SQL Server\120\DTS\Binn\;C:\Program Files\Microsoft SQL Server\Client SDK\ODBC\110\Tools\Binn\;C:\Program Files (x86)\Microsoft SQL Server\120\Tools\Binn\;C:\Program Files (x86)\Microsoft SQL Server\120\Tools\Binn\ManagementStudio\;C:\Program Files (x86)\Microsoft SQL Server\120\DTS\Binn\;C:\Program Files\Git\cmd;C:\Go\bin;C:\Program Files (x86)\Skype\Phone\;C:\Program Files\MySQL\MySQL Utilities 1.6\;C:\Program Files (x86)\nodejs\;C:\Program Files (x86)\Microsoft VS Code\bin;C:\Program Files\MongoDB\Server\3.2\bin;C:\Users\sarvesh\AppData\Local\Microsoft\WindowsApps;C:\Users\sarvesh\AppData\Roaming\npm
10 verbose lifecycle angularappstrat@1.0.0~tsc:w: CWD: F:\Practices\Angular2\Angular2Withscotch\02Angular2
11 silly lifecycle angularappstrat@1.0.0~tsc:w: Args: [ '/d /s /c', 'tsc -w' ]
12 silly lifecycle angularappstrat@1.0.0~tsc:w: Returned: code: 3221225786  signal: null
13 info lifecycle angularappstrat@1.0.0~tsc:w: Failed to exec tsc:w script
14 verbose stack Error: angularappstrat@1.0.0 tsc:w: `tsc -w`
14 verbose stack Exit status 3221225786
14 verbose stack     at EventEmitter.<anonymous> (C:\Users\sarvesh\AppData\Roaming\npm\node_modules\npm\lib\utils\lifecycle.js:255:16)
14 verbose stack     at emitTwo (events.js:106:13)
14 verbose stack     at EventEmitter.emit (events.js:191:7)
14 verbose stack     at ChildProcess.<anonymous> (C:\Users\sarvesh\AppData\Roaming\npm\node_modules\npm\lib\utils\spawn.js:40:14)
14 verbose stack     at emitTwo (events.js:106:13)
14 verbose stack     at ChildProcess.emit (events.js:191:7)
14 verbose stack     at maybeClose (internal/child_process.js:877:16)
14 verbose stack     at Process.ChildProcess._handle.onexit (internal/child_process.js:226:5)
15 verbose pkgid angularappstrat@1.0.0
16 verbose cwd F:\Practices\Angular2\Angular2Withscotch\02Angular2
17 error Windows_NT 10.0.14393
18 error argv "C:\\Program Files (x86)\\nodejs\\node.exe" "C:\\Users\\sarvesh\\AppData\\Roaming\\npm\\node_modules\\npm\\bin\\npm-cli.js" "run" "tsc:w"
19 error node v6.9.5
20 error npm  v3.10.9
21 error code ELIFECYCLE
22 error angularappstrat@1.0.0 tsc:w: `tsc -w`
22 error Exit status 3221225786
23 error Failed at the angularappstrat@1.0.0 tsc:w script 'tsc -w'.
23 error Make sure you have the latest version of node.js and npm installed.
23 error If you do, this is most likely a problem with the angularappstrat package,
23 error not with npm itself.
23 error Tell the author that this fails on your system:
23 error     tsc -w
23 error You can get information on how to open an issue for this project with:
23 error     npm bugs angularappstrat
23 error Or if that isn't available, you can get their info via:
23 error     npm owner ls angularappstrat
23 error There is likely additional logging output above.
24 verbose exit [ 1, true ]
